FILE_TYPE=LIBRARY_PARTS;
PRIMITIVE 'PTZTFTE257.5B','PTZTFTE257.5B_Other';
  PIN
    'K':
      PIN_NUMBER='(1)';
      NO_LOAD_CHECK=BOTH;
      NO_IO_CHECK=BOTH;
      ALLOW_CONNECT=TRUE;
      PINUSE='UNSPEC';
    'A':
      PIN_NUMBER='(2)';
      NO_LOAD_CHECK=BOTH;
      NO_IO_CHECK=BOTH;
      ALLOW_CONNECT=TRUE;
      PINUSE='UNSPEC';
  END_PIN;
  BODY
    PART_NAME='PTZTFTE257.5B';
    PHYS_DES_PREFIX='Z';
    NO_LOAD_CHECK='TRUE';
    PIN_COUNT='2';
    BODY_NAME='PTZTFTE257.5B';
    JEDEC_TYPE='PTZTFTE2575B';
  END_BODY;
END_PRIMITIVE;
END.
