FILE_TYPE=LIBRARY_PARTS;
PRIMITIVE 'BZT52H_A3V3_QX','BZT52H_A3V3_QX_Small Outline Diode Flat Lead';
  PIN
    'K':
      PIN_NUMBER='(1)';
      NO_LOAD_CHECK=BOTH;
      NO_IO_CHECK=BOTH;
      ALLOW_CONNECT=TRUE;
      PINUSE='UNSPEC';
    'A':
      PIN_NUMBER='(2)';
      NO_LOAD_CHECK=BOTH;
      NO_IO_CHECK=BOTH;
      ALLOW_CONNECT=TRUE;
      PINUSE='UNSPEC';
  END_PIN;
  BODY
    PART_NAME='BZT52H_A3V3_QX';
    PHYS_DES_PREFIX='Z';
    NO_LOAD_CHECK='TRUE';
    PIN_COUNT='2';
    BODY_NAME='BZT52H_A3V3_QX';
    JEDEC_TYPE='SODFL3516X120N';
  END_BODY;
END_PRIMITIVE;
END.
