FILE_TYPE=LIBRARY_PARTS;
PRIMITIVE 'UDZVTE_174.7B','UDZVTE_174.7B_Other';
  PIN
    'K':
      PIN_NUMBER='(1)';
      NO_LOAD_CHECK=BOTH;
      NO_IO_CHECK=BOTH;
      ALLOW_CONNECT=TRUE;
      PINUSE='UNSPEC';
    'A':
      PIN_NUMBER='(2)';
      NO_LOAD_CHECK=BOTH;
      NO_IO_CHECK=BOTH;
      ALLOW_CONNECT=TRUE;
      PINUSE='UNSPEC';
  END_PIN;
  BODY
    PART_NAME='UDZVTE_174.7B';
    PHYS_DES_PREFIX='Z';
    NO_LOAD_CHECK='TRUE';
    PIN_COUNT='2';
    BODY_NAME='UDZVTE_174.7B';
    JEDEC_TYPE='UDZVTE1722B';
  END_BODY;
END_PRIMITIVE;
END.
